[38;5;8m2023-04-01 19:51:07[0m [I] [38;5;78;1mapp[0m [38;5;15;1mKoishi/4.12.2[0m
[38;5;8m2023-04-01 19:51:07[0m [I] [38;5;78;1mapp[0m apply plugin [38;5;78mgroup:basic[0m
[38;5;8m2023-04-01 19:51:07[0m [I] [38;5;78;1mapp[0m apply plugin [38;5;78mgroup:entry[0m
[38;5;8m2023-04-01 19:51:07[0m [I] [38;5;78;1mapp[0m apply plugin [38;5;78mhelp[0m
[38;5;8m2023-04-01 19:51:07[0m [I] [38;5;78;1mapp[0m apply plugin [38;5;78mlocales[0m
[38;5;8m2023-04-01 19:51:07[0m [I] [38;5;78;1mapp[0m apply plugin [38;5;78mrate-limit[0m
[38;5;8m2023-04-01 19:51:07[0m [I] [38;5;78;1mapp[0m apply plugin [38;5;78mgroup:console[0m
[38;5;8m2023-04-01 19:51:07[0m [I] [38;5;78;1mapp[0m apply plugin [38;5;78manalytics[0m
[38;5;8m2023-04-01 19:51:07[0m [I] [38;5;78;1mapp[0m apply plugin [38;5;78mconsole[0m
[38;5;8m2023-04-01 19:51:07[0m [I] [38;5;78;1mapp[0m apply plugin [38;5;78mcommands[0m
[38;5;8m2023-04-01 19:51:07[0m [I] [38;5;78;1mapp[0m apply plugin [38;5;78mlogger[0m
[38;5;8m2023-04-01 19:51:07[0m [I] [38;5;78;1mapp[0m apply plugin [38;5;78mmarket[0m
[38;5;8m2023-04-01 19:51:07[0m [I] [38;5;78;1mapp[0m apply plugin [38;5;78minsight[0m
[38;5;8m2023-04-01 19:51:07[0m [I] [38;5;78;1mapp[0m apply plugin [38;5;78mdataview[0m
[38;5;8m2023-04-01 19:51:07[0m [I] [38;5;78;1mapp[0m apply plugin [38;5;78mstatus[0m
[38;5;8m2023-04-01 19:51:07[0m [I] [38;5;78;1mapp[0m apply plugin [38;5;78mgroup:storage[0m
[38;5;8m2023-04-01 19:51:07[0m [I] [38;5;78;1mapp[0m apply plugin [38;5;78mdatabase-sqlite[0m
[38;5;8m2023-04-01 19:51:07[0m [I] [38;5;78;1mapp[0m apply plugin [38;5;78msandbox[0m
[38;5;8m2023-04-01 19:51:08[0m [I] [38;5;78;1mapp[0m apply plugin [38;5;78mgocqhttp[0m
[38;5;8m2023-04-01 19:51:07[0m [I] [38;5;78;1mapp[0m apply plugin [38;5;78massets-local[0m
[38;5;8m2023-04-01 19:51:08[0m [I] [38;5;204;1massets[0m missing config "selfUrl", fallback to "file:" scheme
[38;5;8m2023-04-01 19:51:08[0m [I] [38;5;78;1mapp[0m server listening at [38;5;78mhttp://127.0.0.1:5140[0m
[38;5;8m2023-04-01 19:51:07[0m [I] [38;5;78;1mapp[0m apply plugin [38;5;78mgroup:adapter[0m
[38;5;8m2023-04-01 19:51:08[0m [I] [38;5;209;1msqlite[0m auto creating table [38;5;209muser[0m
[38;5;8m2023-04-01 19:51:08[0m [I] [38;5;209;1msqlite[0m auto creating table [38;5;209mbinding[0m
[38;5;8m2023-04-01 19:51:08[0m [I] [38;5;209;1msqlite[0m auto creating table [38;5;209mchannel[0m
[38;5;8m2023-04-01 19:51:08[0m [I] [38;5;209;1msqlite[0m auto creating table [38;5;209mstats_daily[0m
[38;5;8m2023-04-01 19:51:08[0m [I] [38;5;209;1msqlite[0m auto creating table [38;5;209mstats_hourly[0m
[38;5;8m2023-04-01 19:51:08[0m [I] [38;5;209;1msqlite[0m auto creating table [38;5;209mstats_longterm[0m
